<?xml version="1.0" encoding="UTF-8"?>
<!-- Generated by org.testng.reporters.JUnitXMLReporter -->
<testsuite ignored="0" hostname="LAPTOP-5PFT2H13" failures="0" tests="6" name="Test" time="58.346" errors="0" timestamp="2024-10-24T15:58:00 IST">
  <testcase classname="testCases.TC001_AccountRegistrationTest" name="verify_account_registration" time="14.343"/>
  <testcase classname="testCases.TC002_LoginTest" name="verify_login" time="7.64"/>
  <testcase classname="testCases.TC003_LoginDDT" name="verify_loginDDT" time="2.161"/>
  <testcase classname="testCases.TC003_LoginDDT" name="verify_loginDDT" time="11.263"/>
  <testcase classname="testCases.TC003_LoginDDT" name="verify_loginDDT" time="10.883"/>
  <testcase classname="testCases.TC003_LoginDDT" name="verify_loginDDT" time="1.191"/>
</testsuite> <!-- Test -->
