<?xml version="1.0" encoding="UTF-8"?>
<!-- Generated by org.testng.reporters.JUnitXMLReporter -->
<testsuite ignored="0" hostname="LAPTOP-5PFT2H13" failures="0" tests="6" name="Test" time="66.694" errors="0" timestamp="2024-10-24T16:03:50 IST">
  <testcase classname="testCases.TC001_AccountRegistrationTest" name="verify_account_registration" time="14.522"/>
  <testcase classname="testCases.TC002_LoginTest" name="verify_login" time="7.54"/>
  <testcase classname="testCases.TC003_LoginDDT" name="verify_loginDDT" time="1.6"/>
  <testcase classname="testCases.TC003_LoginDDT" name="verify_loginDDT" time="10.934"/>
  <testcase classname="testCases.TC003_LoginDDT" name="verify_loginDDT" time="12.733"/>
  <testcase classname="testCases.TC003_LoginDDT" name="verify_loginDDT" time="1.26"/>
</testsuite> <!-- Test -->
