<?xml version="1.0" encoding="UTF-8"?>
<!-- Generated by org.testng.reporters.JUnitXMLReporter -->
<testsuite ignored="0" hostname="LAPTOP-5PFT2H13" failures="0" tests="6" name="Test" time="65.159" errors="0" timestamp="2024-10-18T21:07:58 IST">
  <testcase classname="testCases.TC001_AccountRegistrationTest" name="verify_account_registration" time="14.687"/>
  <testcase classname="testCases.TC002_LoginTest" name="verify_login" time="8.515"/>
  <testcase classname="testCases.TC003_LoginDDT" name="verify_loginDDT" time="2.173"/>
  <testcase classname="testCases.TC003_LoginDDT" name="verify_loginDDT" time="11.212"/>
  <testcase classname="testCases.TC003_LoginDDT" name="verify_loginDDT" time="11.13"/>
  <testcase classname="testCases.TC003_LoginDDT" name="verify_loginDDT" time="1.43"/>
</testsuite> <!-- Test -->
