<?xml version="1.0" encoding="UTF-8"?>
<testng-results ignored="0" total="6" passed="6" failed="0" skipped="0">
  <reporter-output>
  </reporter-output>
  <suite started-at="2024-10-24T16:02:43 IST" name="Master Suite" finished-at="2024-10-24T16:03:49 IST" duration-ms="66694">
    <groups>
      <group name="regression">
        <method signature="TC001_AccountRegistrationTest.verify_account_registration()[pri:0, instance:testCases.TC001_AccountRegistrationTest@28e8dde3]" name="verify_account_registration" class="testCases.TC001_AccountRegistrationTest"/>
      </group> <!-- regression -->
      <group name="sanity">
        <method signature="TC002_LoginTest.verify_login()[pri:0, instance:testCases.TC002_LoginTest@6d23017e]" name="verify_login" class="testCases.TC002_LoginTest"/>
      </group> <!-- sanity -->
      <group name="dataDriven">
        <method signature="TC003_LoginDDT.verify_loginDDT(java.lang.String,java.lang.String,java.lang.String)[pri:0, instance:testCases.TC003_LoginDDT@54dcfa5a]" name="verify_loginDDT" class="testCases.TC003_LoginDDT"/>
      </group> <!-- dataDriven -->
      <group name="master">
        <method signature="TC001_AccountRegistrationTest.verify_account_registration()[pri:0, instance:testCases.TC001_AccountRegistrationTest@28e8dde3]" name="verify_account_registration" class="testCases.TC001_AccountRegistrationTest"/>
      </group> <!-- master -->
    </groups>
    <test started-at="2024-10-24T16:02:43 IST" name="Test" finished-at="2024-10-24T16:03:49 IST" duration-ms="66694">
      <class name="testCases.TC002_LoginTest">
        <test-method is-config="true" signature="setup(java.lang.String,java.lang.String)[pri:0, instance:testCases.TC002_LoginTest@6d23017e]" started-at="2024-10-24T16:03:01 IST" name="setup" finished-at="2024-10-24T16:03:11 IST" duration-ms="9488" status="PASS">
          <params>
            <param index="0">
              <value>
                <![CDATA[Windows]]>
              </value>
            </param>
            <param index="1">
              <value>
                <![CDATA[chrome]]>
              </value>
            </param>
          </params>
          <reporter-output>
          </reporter-output>
        </test-method> <!-- setup -->
        <test-method signature="verify_login()[pri:0, instance:testCases.TC002_LoginTest@6d23017e]" started-at="2024-10-24T16:03:11 IST" name="verify_login" finished-at="2024-10-24T16:03:19 IST" duration-ms="7540" status="PASS">
          <reporter-output>
          </reporter-output>
        </test-method> <!-- verify_login -->
        <test-method is-config="true" signature="tearDown()[pri:0, instance:testCases.TC002_LoginTest@6d23017e]" started-at="2024-10-24T16:03:19 IST" name="tearDown" finished-at="2024-10-24T16:03:19 IST" duration-ms="247" status="PASS">
          <reporter-output>
          </reporter-output>
        </test-method> <!-- tearDown -->
      </class> <!-- testCases.TC002_LoginTest -->
      <class name="testCases.TC003_LoginDDT">
        <test-method is-config="true" signature="setup(java.lang.String,java.lang.String)[pri:0, instance:testCases.TC003_LoginDDT@54dcfa5a]" started-at="2024-10-24T16:03:19 IST" name="setup" finished-at="2024-10-24T16:03:21 IST" duration-ms="2242" status="PASS">
          <params>
            <param index="0">
              <value>
                <![CDATA[Windows]]>
              </value>
            </param>
            <param index="1">
              <value>
                <![CDATA[chrome]]>
              </value>
            </param>
          </params>
          <reporter-output>
          </reporter-output>
        </test-method> <!-- setup -->
        <test-method signature="verify_loginDDT(java.lang.String,java.lang.String,java.lang.String)[pri:0, instance:testCases.TC003_LoginDDT@54dcfa5a]" started-at="2024-10-24T16:03:23 IST" name="verify_loginDDT" data-provider="LoginData" finished-at="2024-10-24T16:03:24 IST" duration-ms="1600" status="PASS">
          <params>
            <param index="0">
              <value>
                <![CDATA[akshitamukesh1999@gmail.com]]>
              </value>
            </param>
            <param index="1">
              <value>
                <![CDATA[Akshi@1234]]>
              </value>
            </param>
            <param index="2">
              <value>
                <![CDATA[valid]]>
              </value>
            </param>
          </params>
          <reporter-output>
          </reporter-output>
        </test-method> <!-- verify_loginDDT -->
        <test-method signature="verify_loginDDT(java.lang.String,java.lang.String,java.lang.String)[pri:0, instance:testCases.TC003_LoginDDT@54dcfa5a]" started-at="2024-10-24T16:03:24 IST" name="verify_loginDDT" data-provider="LoginData" finished-at="2024-10-24T16:03:35 IST" duration-ms="10934" status="PASS">
          <params>
            <param index="0">
              <value>
                <![CDATA[akshi@yahoo.com]]>
              </value>
            </param>
            <param index="1">
              <value>
                <![CDATA[Akshi1234]]>
              </value>
            </param>
            <param index="2">
              <value>
                <![CDATA[invalid]]>
              </value>
            </param>
          </params>
          <reporter-output>
          </reporter-output>
        </test-method> <!-- verify_loginDDT -->
        <test-method signature="verify_loginDDT(java.lang.String,java.lang.String,java.lang.String)[pri:0, instance:testCases.TC003_LoginDDT@54dcfa5a]" started-at="2024-10-24T16:03:35 IST" name="verify_loginDDT" data-provider="LoginData" finished-at="2024-10-24T16:03:48 IST" duration-ms="12733" status="PASS">
          <params>
            <param index="0">
              <value>
                <![CDATA[akakakak@yahoo.com]]>
              </value>
            </param>
            <param index="1">
              <value>
                <![CDATA[akshi]]>
              </value>
            </param>
            <param index="2">
              <value>
                <![CDATA[invalid]]>
              </value>
            </param>
          </params>
          <reporter-output>
          </reporter-output>
        </test-method> <!-- verify_loginDDT -->
        <test-method signature="verify_loginDDT(java.lang.String,java.lang.String,java.lang.String)[pri:0, instance:testCases.TC003_LoginDDT@54dcfa5a]" started-at="2024-10-24T16:03:48 IST" name="verify_loginDDT" data-provider="LoginData" finished-at="2024-10-24T16:03:49 IST" duration-ms="1260" status="PASS">
          <params>
            <param index="0">
              <value>
                <![CDATA[akshi@gmail.com]]>
              </value>
            </param>
            <param index="1">
              <value>
                <![CDATA[Akshi@1234]]>
              </value>
            </param>
            <param index="2">
              <value>
                <![CDATA[valid]]>
              </value>
            </param>
          </params>
          <reporter-output>
          </reporter-output>
        </test-method> <!-- verify_loginDDT -->
        <test-method is-config="true" signature="tearDown()[pri:0, instance:testCases.TC003_LoginDDT@54dcfa5a]" started-at="2024-10-24T16:03:49 IST" name="tearDown" finished-at="2024-10-24T16:03:49 IST" duration-ms="262" status="PASS">
          <reporter-output>
          </reporter-output>
        </test-method> <!-- tearDown -->
      </class> <!-- testCases.TC003_LoginDDT -->
      <class name="testCases.TC001_AccountRegistrationTest">
        <test-method is-config="true" signature="setup(java.lang.String,java.lang.String)[pri:0, instance:testCases.TC001_AccountRegistrationTest@28e8dde3]" started-at="2024-10-24T16:02:43 IST" name="setup" finished-at="2024-10-24T16:02:47 IST" duration-ms="3621" status="PASS">
          <params>
            <param index="0">
              <value>
                <![CDATA[Windows]]>
              </value>
            </param>
            <param index="1">
              <value>
                <![CDATA[chrome]]>
              </value>
            </param>
          </params>
          <reporter-output>
          </reporter-output>
        </test-method> <!-- setup -->
        <test-method signature="verify_account_registration()[pri:0, instance:testCases.TC001_AccountRegistrationTest@28e8dde3]" started-at="2024-10-24T16:02:47 IST" name="verify_account_registration" finished-at="2024-10-24T16:03:01 IST" duration-ms="14522" status="PASS">
          <reporter-output>
          </reporter-output>
        </test-method> <!-- verify_account_registration -->
        <test-method is-config="true" signature="tearDown()[pri:0, instance:testCases.TC001_AccountRegistrationTest@28e8dde3]" started-at="2024-10-24T16:03:01 IST" name="tearDown" finished-at="2024-10-24T16:03:01 IST" duration-ms="254" status="PASS">
          <reporter-output>
          </reporter-output>
        </test-method> <!-- tearDown -->
      </class> <!-- testCases.TC001_AccountRegistrationTest -->
    </test> <!-- Test -->
  </suite> <!-- Master Suite -->
</testng-results>
