<?xml version="1.0" encoding="UTF-8"?>
<testsuite xmlns:xsi="http://www.w3.org/2001/XMLSchema-instance" xsi:noNamespaceSchemaLocation="https://maven.apache.org/surefire/maven-surefire-plugin/xsd/surefire-test-report.xsd" version="3.0.2" name="TestSuite" time="60.472" tests="6" errors="0" skipped="0" failures="0">
  <properties>
[...]
</properties>
  <testcase name="verify_account_registration" classname="testCases.TC001_AccountRegistrationTest" time="14.368">
    <system-out><![CDATA[15:57:01.297 [main] DEBUG org.testng.TestNG - suiteXmlPath: "C:\PavanSelenium\OpenCartV121\master.xml"
15:57:05.630 [main] INFO  testCases.TC001_AccountRegistrationTest - **** Starting TC001_AccountRegistrationTest ****
15:57:07.809 [main] INFO  testCases.TC001_AccountRegistrationTest - clicked on MyAccount
15:57:10.329 [main] INFO  testCases.TC001_AccountRegistrationTest - clicked on Register
15:57:12.340 [main] INFO  testCases.TC001_AccountRegistrationTest - providing customer details
15:57:19.925 [main] INFO  testCases.TC001_AccountRegistrationTest - validating expected message
15:57:19.971 [main] INFO  testCases.TC001_AccountRegistrationTest - **** Finished TC001_AccountRegistrationTest ****
]]></system-out>
    <system-err><![CDATA[Oct 24, 2024 3:57:04 PM org.openqa.selenium.devtools.CdpVersionFinder findNearestMatch
WARNING: Unable to find an exact match for CDP version 130, returning the closest version; found: 128; Please update to a Selenium version that supports CDP version 130
]]></system-err>
  </testcase>
  <testcase name="verify_login" classname="testCases.TC002_LoginTest" time="7.639">
    <system-out><![CDATA[15:57:22.600 [main] INFO  testCases.TC002_LoginTest - ***Starting TC002_LoginTest***
15:57:23.151 [main] INFO  testCases.TC002_LoginTest - clicked MyAccount link
15:57:25.378 [main] INFO  testCases.TC002_LoginTest - clicked Login link
15:57:27.504 [main] INFO  testCases.TC002_LoginTest - email entered
15:57:27.588 [main] INFO  testCases.TC002_LoginTest - pass entered
15:57:30.184 [main] INFO  testCases.TC002_LoginTest - clicked Login button
15:57:30.238 [main] INFO  testCases.TC002_LoginTest - successfully logged in
15:57:30.238 [main] INFO  testCases.TC002_LoginTest - ***Finished TC002_LoginTest***
]]></system-out>
    <system-err><![CDATA[Oct 24, 2024 3:57:21 PM org.openqa.selenium.devtools.CdpVersionFinder findNearestMatch
WARNING: Unable to find an exact match for CDP version 130, returning the closest version; found: 128; Please update to a Selenium version that supports CDP version 130
]]></system-err>
  </testcase>
  <testcase name="verify_loginDDT[akshitamukesh1999@gmail.com, Akshi@1234, valid](1)" classname="testCases.TC003_LoginDDT" time="2.161">
    <system-out><![CDATA[15:57:32.882 [main] DEBUG org.apache.poi.openxml4j.opc.PackageRelationshipCollection - Parsing relationship: /xl/_rels/workbook.xml.rels
15:57:32.887 [main] DEBUG org.apache.poi.openxml4j.opc.PackageRelationshipCollection - Parsing relationship: /xl/worksheets/_rels/sheet1.xml.rels
15:57:32.890 [main] DEBUG org.apache.poi.openxml4j.opc.PackageRelationshipCollection - Parsing relationship: /_rels/.rels
15:57:33.845 [main] DEBUG org.apache.poi.openxml4j.opc.PackageRelationshipCollection - Parsing relationship: /xl/_rels/workbook.xml.rels
15:57:33.846 [main] DEBUG org.apache.poi.openxml4j.opc.PackageRelationshipCollection - Parsing relationship: /xl/worksheets/_rels/sheet1.xml.rels
15:57:33.848 [main] DEBUG org.apache.poi.openxml4j.opc.PackageRelationshipCollection - Parsing relationship: /_rels/.rels
15:57:33.888 [main] DEBUG org.apache.poi.openxml4j.opc.PackageRelationshipCollection - Parsing relationship: /xl/_rels/workbook.xml.rels
15:57:33.889 [main] DEBUG org.apache.poi.openxml4j.opc.PackageRelationshipCollection - Parsing relationship: /xl/worksheets/_rels/sheet1.xml.rels
15:57:33.891 [main] DEBUG org.apache.poi.openxml4j.opc.PackageRelationshipCollection - Parsing relationship: /_rels/.rels
15:57:33.930 [main] DEBUG org.apache.poi.openxml4j.opc.PackageRelationshipCollection - Parsing relationship: /xl/_rels/workbook.xml.rels
15:57:33.931 [main] DEBUG org.apache.poi.openxml4j.opc.PackageRelationshipCollection - Parsing relationship: /xl/worksheets/_rels/sheet1.xml.rels
15:57:33.932 [main] DEBUG org.apache.poi.openxml4j.opc.PackageRelationshipCollection - Parsing relationship: /_rels/.rels
15:57:33.967 [main] DEBUG org.apache.poi.openxml4j.opc.PackageRelationshipCollection - Parsing relationship: /xl/_rels/workbook.xml.rels
15:57:33.969 [main] DEBUG org.apache.poi.openxml4j.opc.PackageRelationshipCollection - Parsing relationship: /xl/worksheets/_rels/sheet1.xml.rels
15:57:33.970 [main] DEBUG org.apache.poi.openxml4j.opc.PackageRelationshipCollection - Parsing relationship: /_rels/.rels
15:57:34.001 [main] DEBUG org.apache.poi.openxml4j.opc.PackageRelationshipCollection - Parsing relationship: /xl/_rels/workbook.xml.rels
15:57:34.002 [main] DEBUG org.apache.poi.openxml4j.opc.PackageRelationshipCollection - Parsing relationship: /xl/worksheets/_rels/sheet1.xml.rels
15:57:34.003 [main] DEBUG org.apache.poi.openxml4j.opc.PackageRelationshipCollection - Parsing relationship: /_rels/.rels
15:57:34.031 [main] DEBUG org.apache.poi.openxml4j.opc.PackageRelationshipCollection - Parsing relationship: /xl/_rels/workbook.xml.rels
15:57:34.032 [main] DEBUG org.apache.poi.openxml4j.opc.PackageRelationshipCollection - Parsing relationship: /xl/worksheets/_rels/sheet1.xml.rels
15:57:34.033 [main] DEBUG org.apache.poi.openxml4j.opc.PackageRelationshipCollection - Parsing relationship: /_rels/.rels
15:57:34.061 [main] DEBUG org.apache.poi.openxml4j.opc.PackageRelationshipCollection - Parsing relationship: /xl/_rels/workbook.xml.rels
15:57:34.063 [main] DEBUG org.apache.poi.openxml4j.opc.PackageRelationshipCollection - Parsing relationship: /xl/worksheets/_rels/sheet1.xml.rels
15:57:34.064 [main] DEBUG org.apache.poi.openxml4j.opc.PackageRelationshipCollection - Parsing relationship: /_rels/.rels
15:57:34.094 [main] DEBUG org.apache.poi.openxml4j.opc.PackageRelationshipCollection - Parsing relationship: /xl/_rels/workbook.xml.rels
15:57:34.095 [main] DEBUG org.apache.poi.openxml4j.opc.PackageRelationshipCollection - Parsing relationship: /xl/worksheets/_rels/sheet1.xml.rels
15:57:34.096 [main] DEBUG org.apache.poi.openxml4j.opc.PackageRelationshipCollection - Parsing relationship: /_rels/.rels
15:57:34.121 [main] DEBUG org.apache.poi.openxml4j.opc.PackageRelationshipCollection - Parsing relationship: /xl/_rels/workbook.xml.rels
15:57:34.122 [main] DEBUG org.apache.poi.openxml4j.opc.PackageRelationshipCollection - Parsing relationship: /xl/worksheets/_rels/sheet1.xml.rels
15:57:34.123 [main] DEBUG org.apache.poi.openxml4j.opc.PackageRelationshipCollection - Parsing relationship: /_rels/.rels
15:57:34.146 [main] DEBUG org.apache.poi.openxml4j.opc.PackageRelationshipCollection - Parsing relationship: /xl/_rels/workbook.xml.rels
15:57:34.147 [main] DEBUG org.apache.poi.openxml4j.opc.PackageRelationshipCollection - Parsing relationship: /xl/worksheets/_rels/sheet1.xml.rels
15:57:34.148 [main] DEBUG org.apache.poi.openxml4j.opc.PackageRelationshipCollection - Parsing relationship: /_rels/.rels
15:57:34.174 [main] DEBUG org.apache.poi.openxml4j.opc.PackageRelationshipCollection - Parsing relationship: /xl/_rels/workbook.xml.rels
15:57:34.175 [main] DEBUG org.apache.poi.openxml4j.opc.PackageRelationshipCollection - Parsing relationship: /xl/worksheets/_rels/sheet1.xml.rels
15:57:34.176 [main] DEBUG org.apache.poi.openxml4j.opc.PackageRelationshipCollection - Parsing relationship: /_rels/.rels
15:57:34.200 [main] DEBUG org.apache.poi.openxml4j.opc.PackageRelationshipCollection - Parsing relationship: /xl/_rels/workbook.xml.rels
15:57:34.202 [main] DEBUG org.apache.poi.openxml4j.opc.PackageRelationshipCollection - Parsing relationship: /xl/worksheets/_rels/sheet1.xml.rels
15:57:34.204 [main] DEBUG org.apache.poi.openxml4j.opc.PackageRelationshipCollection - Parsing relationship: /_rels/.rels
15:57:34.237 [main] DEBUG org.apache.poi.openxml4j.opc.PackageRelationshipCollection - Parsing relationship: /xl/_rels/workbook.xml.rels
15:57:34.239 [main] DEBUG org.apache.poi.openxml4j.opc.PackageRelationshipCollection - Parsing relationship: /xl/worksheets/_rels/sheet1.xml.rels
15:57:34.240 [main] DEBUG org.apache.poi.openxml4j.opc.PackageRelationshipCollection - Parsing relationship: /_rels/.rels
15:57:34.268 [main] INFO  testCases.TC003_LoginDDT - ******Starting TC003_LoginDDT*****
15:57:36.428 [main] INFO  testCases.TC003_LoginDDT - ******Finished TC003_LoginDDT*****
]]></system-out>
    <system-err><![CDATA[Oct 24, 2024 3:57:31 PM org.openqa.selenium.devtools.CdpVersionFinder findNearestMatch
WARNING: Unable to find an exact match for CDP version 130, returning the closest version; found: 128; Please update to a Selenium version that supports CDP version 130
]]></system-err>
  </testcase>
  <testcase name="verify_loginDDT[akshi@yahoo.com, Akshi1234, invalid](2)" classname="testCases.TC003_LoginDDT" time="11.262">
    <system-out><![CDATA[15:57:36.435 [main] INFO  testCases.TC003_LoginDDT - ******Starting TC003_LoginDDT*****
15:57:47.694 [main] INFO  testCases.TC003_LoginDDT - ******Finished TC003_LoginDDT*****
]]></system-out>
  </testcase>
  <testcase name="verify_loginDDT[akakakak@yahoo.com, akshi, invalid](3)" classname="testCases.TC003_LoginDDT" time="10.883">
    <system-out><![CDATA[15:57:47.698 [main] INFO  testCases.TC003_LoginDDT - ******Starting TC003_LoginDDT*****
15:57:58.580 [main] INFO  testCases.TC003_LoginDDT - ******Finished TC003_LoginDDT*****
]]></system-out>
  </testcase>
  <testcase name="verify_loginDDT[akshi@gmail.com, Akshi@1234, valid](4)" classname="testCases.TC003_LoginDDT" time="1.191">
    <system-out><![CDATA[15:57:58.582 [main] INFO  testCases.TC003_LoginDDT - ******Starting TC003_LoginDDT*****
15:57:59.772 [main] INFO  testCases.TC003_LoginDDT - ******Finished TC003_LoginDDT*****
]]></system-out>
  </testcase>
</testsuite>