<?xml version="1.0" encoding="UTF-8"?>
<testsuite xmlns:xsi="http://www.w3.org/2001/XMLSchema-instance" xsi:noNamespaceSchemaLocation="https://maven.apache.org/surefire/maven-surefire-plugin/xsd/surefire-test-report.xsd" version="3.0.2" name="TestSuite" time="57.284" tests="6" errors="0" skipped="0" failures="0">
  <properties>
[...]
</properties>
  <testcase name="verify_account_registration" classname="testCases.TC001_AccountRegistrationTest" time="13.983">
    <system-out><![CDATA[18:06:51.336 [main] DEBUG org.testng.TestNG - suiteXmlPath: "C:\PavanSelenium\OpenCartV121\master.xml"
18:06:54.412 [main] INFO  testCases.TC001_AccountRegistrationTest - **** Starting TC001_AccountRegistrationTest ****
18:06:56.513 [main] INFO  testCases.TC001_AccountRegistrationTest - clicked on MyAccount
18:06:58.921 [main] INFO  testCases.TC001_AccountRegistrationTest - clicked on Register
18:07:00.925 [main] INFO  testCases.TC001_AccountRegistrationTest - providing customer details
18:07:08.348 [main] INFO  testCases.TC001_AccountRegistrationTest - validating expected message
18:07:08.379 [main] INFO  testCases.TC001_AccountRegistrationTest - **** Finished TC001_AccountRegistrationTest ****
]]></system-out>
    <system-err><![CDATA[Oct 22, 2024 6:06:53 PM org.openqa.selenium.devtools.CdpVersionFinder findNearestMatch
WARNING: Unable to find an exact match for CDP version 130, returning the closest version; found: 128; Please update to a Selenium version that supports CDP version 130
]]></system-err>
  </testcase>
  <testcase name="verify_login" classname="testCases.TC002_LoginTest" time="7.834">
    <system-out><![CDATA[18:07:10.606 [main] INFO  testCases.TC002_LoginTest - ***Starting TC002_LoginTest***
18:07:11.212 [main] INFO  testCases.TC002_LoginTest - clicked MyAccount link
18:07:13.456 [main] INFO  testCases.TC002_LoginTest - clicked Login link
18:07:15.643 [main] INFO  testCases.TC002_LoginTest - email entered
18:07:15.776 [main] INFO  testCases.TC002_LoginTest - pass entered
18:07:18.393 [main] INFO  testCases.TC002_LoginTest - clicked Login button
18:07:18.439 [main] INFO  testCases.TC002_LoginTest - successfully logged in
18:07:18.439 [main] INFO  testCases.TC002_LoginTest - ***Finished TC002_LoginTest***
]]></system-out>
    <system-err><![CDATA[Oct 22, 2024 6:07:09 PM org.openqa.selenium.devtools.CdpVersionFinder findNearestMatch
WARNING: Unable to find an exact match for CDP version 130, returning the closest version; found: 128; Please update to a Selenium version that supports CDP version 130
]]></system-err>
  </testcase>
  <testcase name="verify_loginDDT[akshitamukesh1999@gmail.com, Akshi@1234, valid](1)" classname="testCases.TC003_LoginDDT" time="1.598">
    <system-out><![CDATA[18:07:20.867 [main] DEBUG org.apache.poi.openxml4j.opc.PackageRelationshipCollection - Parsing relationship: /xl/_rels/workbook.xml.rels
18:07:20.867 [main] DEBUG org.apache.poi.openxml4j.opc.PackageRelationshipCollection - Parsing relationship: /xl/worksheets/_rels/sheet1.xml.rels
18:07:20.867 [main] DEBUG org.apache.poi.openxml4j.opc.PackageRelationshipCollection - Parsing relationship: /_rels/.rels
18:07:21.628 [main] DEBUG org.apache.poi.openxml4j.opc.PackageRelationshipCollection - Parsing relationship: /xl/_rels/workbook.xml.rels
18:07:21.628 [main] DEBUG org.apache.poi.openxml4j.opc.PackageRelationshipCollection - Parsing relationship: /xl/worksheets/_rels/sheet1.xml.rels
18:07:21.628 [main] DEBUG org.apache.poi.openxml4j.opc.PackageRelationshipCollection - Parsing relationship: /_rels/.rels
18:07:21.675 [main] DEBUG org.apache.poi.openxml4j.opc.PackageRelationshipCollection - Parsing relationship: /xl/_rels/workbook.xml.rels
18:07:21.691 [main] DEBUG org.apache.poi.openxml4j.opc.PackageRelationshipCollection - Parsing relationship: /xl/worksheets/_rels/sheet1.xml.rels
18:07:21.691 [main] DEBUG org.apache.poi.openxml4j.opc.PackageRelationshipCollection - Parsing relationship: /_rels/.rels
18:07:21.738 [main] DEBUG org.apache.poi.openxml4j.opc.PackageRelationshipCollection - Parsing relationship: /xl/_rels/workbook.xml.rels
18:07:21.738 [main] DEBUG org.apache.poi.openxml4j.opc.PackageRelationshipCollection - Parsing relationship: /xl/worksheets/_rels/sheet1.xml.rels
18:07:21.753 [main] DEBUG org.apache.poi.openxml4j.opc.PackageRelationshipCollection - Parsing relationship: /_rels/.rels
18:07:21.785 [main] DEBUG org.apache.poi.openxml4j.opc.PackageRelationshipCollection - Parsing relationship: /xl/_rels/workbook.xml.rels
18:07:21.801 [main] DEBUG org.apache.poi.openxml4j.opc.PackageRelationshipCollection - Parsing relationship: /xl/worksheets/_rels/sheet1.xml.rels
18:07:21.801 [main] DEBUG org.apache.poi.openxml4j.opc.PackageRelationshipCollection - Parsing relationship: /_rels/.rels
18:07:21.832 [main] DEBUG org.apache.poi.openxml4j.opc.PackageRelationshipCollection - Parsing relationship: /xl/_rels/workbook.xml.rels
18:07:21.832 [main] DEBUG org.apache.poi.openxml4j.opc.PackageRelationshipCollection - Parsing relationship: /xl/worksheets/_rels/sheet1.xml.rels
18:07:21.832 [main] DEBUG org.apache.poi.openxml4j.opc.PackageRelationshipCollection - Parsing relationship: /_rels/.rels
18:07:21.863 [main] DEBUG org.apache.poi.openxml4j.opc.PackageRelationshipCollection - Parsing relationship: /xl/_rels/workbook.xml.rels
18:07:21.879 [main] DEBUG org.apache.poi.openxml4j.opc.PackageRelationshipCollection - Parsing relationship: /xl/worksheets/_rels/sheet1.xml.rels
18:07:21.879 [main] DEBUG org.apache.poi.openxml4j.opc.PackageRelationshipCollection - Parsing relationship: /_rels/.rels
18:07:21.910 [main] DEBUG org.apache.poi.openxml4j.opc.PackageRelationshipCollection - Parsing relationship: /xl/_rels/workbook.xml.rels
18:07:21.910 [main] DEBUG org.apache.poi.openxml4j.opc.PackageRelationshipCollection - Parsing relationship: /xl/worksheets/_rels/sheet1.xml.rels
18:07:21.910 [main] DEBUG org.apache.poi.openxml4j.opc.PackageRelationshipCollection - Parsing relationship: /_rels/.rels
18:07:21.957 [main] DEBUG org.apache.poi.openxml4j.opc.PackageRelationshipCollection - Parsing relationship: /xl/_rels/workbook.xml.rels
18:07:21.957 [main] DEBUG org.apache.poi.openxml4j.opc.PackageRelationshipCollection - Parsing relationship: /xl/worksheets/_rels/sheet1.xml.rels
18:07:21.957 [main] DEBUG org.apache.poi.openxml4j.opc.PackageRelationshipCollection - Parsing relationship: /_rels/.rels
18:07:21.988 [main] DEBUG org.apache.poi.openxml4j.opc.PackageRelationshipCollection - Parsing relationship: /xl/_rels/workbook.xml.rels
18:07:22.004 [main] DEBUG org.apache.poi.openxml4j.opc.PackageRelationshipCollection - Parsing relationship: /xl/worksheets/_rels/sheet1.xml.rels
18:07:22.004 [main] DEBUG org.apache.poi.openxml4j.opc.PackageRelationshipCollection - Parsing relationship: /_rels/.rels
18:07:22.035 [main] DEBUG org.apache.poi.openxml4j.opc.PackageRelationshipCollection - Parsing relationship: /xl/_rels/workbook.xml.rels
18:07:22.035 [main] DEBUG org.apache.poi.openxml4j.opc.PackageRelationshipCollection - Parsing relationship: /xl/worksheets/_rels/sheet1.xml.rels
18:07:22.035 [main] DEBUG org.apache.poi.openxml4j.opc.PackageRelationshipCollection - Parsing relationship: /_rels/.rels
18:07:22.066 [main] DEBUG org.apache.poi.openxml4j.opc.PackageRelationshipCollection - Parsing relationship: /xl/_rels/workbook.xml.rels
18:07:22.066 [main] DEBUG org.apache.poi.openxml4j.opc.PackageRelationshipCollection - Parsing relationship: /xl/worksheets/_rels/sheet1.xml.rels
18:07:22.066 [main] DEBUG org.apache.poi.openxml4j.opc.PackageRelationshipCollection - Parsing relationship: /_rels/.rels
18:07:22.098 [main] DEBUG org.apache.poi.openxml4j.opc.PackageRelationshipCollection - Parsing relationship: /xl/_rels/workbook.xml.rels
18:07:22.098 [main] DEBUG org.apache.poi.openxml4j.opc.PackageRelationshipCollection - Parsing relationship: /xl/worksheets/_rels/sheet1.xml.rels
18:07:22.113 [main] DEBUG org.apache.poi.openxml4j.opc.PackageRelationshipCollection - Parsing relationship: /_rels/.rels
18:07:22.149 [main] DEBUG org.apache.poi.openxml4j.opc.PackageRelationshipCollection - Parsing relationship: /xl/_rels/workbook.xml.rels
18:07:22.151 [main] DEBUG org.apache.poi.openxml4j.opc.PackageRelationshipCollection - Parsing relationship: /xl/worksheets/_rels/sheet1.xml.rels
18:07:22.152 [main] DEBUG org.apache.poi.openxml4j.opc.PackageRelationshipCollection - Parsing relationship: /_rels/.rels
18:07:22.180 [main] INFO  testCases.TC003_LoginDDT - ******Starting TC003_LoginDDT*****
18:07:23.776 [main] INFO  testCases.TC003_LoginDDT - ******Finished TC003_LoginDDT*****
]]></system-out>
    <system-err><![CDATA[Oct 22, 2024 6:07:20 PM org.openqa.selenium.devtools.CdpVersionFinder findNearestMatch
WARNING: Unable to find an exact match for CDP version 130, returning the closest version; found: 128; Please update to a Selenium version that supports CDP version 130
]]></system-err>
  </testcase>
  <testcase name="verify_loginDDT[akshi@yahoo.com, Akshi1234, invalid](2)" classname="testCases.TC003_LoginDDT" time="10.778">
    <system-out><![CDATA[18:07:23.780 [main] INFO  testCases.TC003_LoginDDT - ******Starting TC003_LoginDDT*****
18:07:34.560 [main] INFO  testCases.TC003_LoginDDT - ******Finished TC003_LoginDDT*****
]]></system-out>
  </testcase>
  <testcase name="verify_loginDDT[akakakak@yahoo.com, akshi, invalid](3)" classname="testCases.TC003_LoginDDT" time="11.101">
    <system-out><![CDATA[18:07:34.560 [main] INFO  testCases.TC003_LoginDDT - ******Starting TC003_LoginDDT*****
18:07:45.661 [main] INFO  testCases.TC003_LoginDDT - ******Finished TC003_LoginDDT*****
]]></system-out>
  </testcase>
  <testcase name="verify_loginDDT[akshi@gmail.com, Akshi@1234, valid](4)" classname="testCases.TC003_LoginDDT" time="1.51">
    <system-out><![CDATA[18:07:45.661 [main] INFO  testCases.TC003_LoginDDT - ******Starting TC003_LoginDDT*****
18:07:47.169 [main] INFO  testCases.TC003_LoginDDT - ******Finished TC003_LoginDDT*****
]]></system-out>
  </testcase>
</testsuite>