<?xml version="1.0" encoding="UTF-8"?>
<testng-results ignored="0" total="6" passed="6" failed="0" skipped="0">
  <reporter-output>
  </reporter-output>
  <suite started-at="2024-10-18T21:06:53 IST" name="Master Suite" finished-at="2024-10-18T21:07:58 IST" duration-ms="65159">
    <groups>
      <group name="regression">
        <method signature="TC001_AccountRegistrationTest.verify_account_registration()[pri:0, instance:testCases.TC001_AccountRegistrationTest@307765b4]" name="verify_account_registration" class="testCases.TC001_AccountRegistrationTest"/>
      </group> <!-- regression -->
      <group name="sanity">
        <method signature="TC002_LoginTest.verify_login()[pri:0, instance:testCases.TC002_LoginTest@4a9e6faf]" name="verify_login" class="testCases.TC002_LoginTest"/>
      </group> <!-- sanity -->
      <group name="dataDriven">
        <method signature="TC003_LoginDDT.verify_loginDDT(java.lang.String,java.lang.String,java.lang.String)[pri:0, instance:testCases.TC003_LoginDDT@2c95ac9e]" name="verify_loginDDT" class="testCases.TC003_LoginDDT"/>
      </group> <!-- dataDriven -->
      <group name="master">
        <method signature="TC001_AccountRegistrationTest.verify_account_registration()[pri:0, instance:testCases.TC001_AccountRegistrationTest@307765b4]" name="verify_account_registration" class="testCases.TC001_AccountRegistrationTest"/>
      </group> <!-- master -->
    </groups>
    <test started-at="2024-10-18T21:06:53 IST" name="Test" finished-at="2024-10-18T21:07:58 IST" duration-ms="65159">
      <class name="testCases.TC002_LoginTest">
        <test-method is-config="true" signature="setup(java.lang.String,java.lang.String)[pri:0, instance:testCases.TC002_LoginTest@4a9e6faf]" started-at="2024-10-18T21:07:15 IST" name="setup" finished-at="2024-10-18T21:07:18 IST" duration-ms="2950" status="PASS">
          <params>
            <param index="0">
              <value>
                <![CDATA[Windows]]>
              </value>
            </param>
            <param index="1">
              <value>
                <![CDATA[chrome]]>
              </value>
            </param>
          </params>
          <reporter-output>
          </reporter-output>
        </test-method> <!-- setup -->
        <test-method signature="verify_login()[pri:0, instance:testCases.TC002_LoginTest@4a9e6faf]" started-at="2024-10-18T21:07:18 IST" name="verify_login" finished-at="2024-10-18T21:07:26 IST" duration-ms="8515" status="PASS">
          <reporter-output>
          </reporter-output>
        </test-method> <!-- verify_login -->
        <test-method is-config="true" signature="tearDown()[pri:0, instance:testCases.TC002_LoginTest@4a9e6faf]" started-at="2024-10-18T21:07:26 IST" name="tearDown" finished-at="2024-10-18T21:07:27 IST" duration-ms="336" status="PASS">
          <reporter-output>
          </reporter-output>
        </test-method> <!-- tearDown -->
      </class> <!-- testCases.TC002_LoginTest -->
      <class name="testCases.TC003_LoginDDT">
        <test-method is-config="true" signature="setup(java.lang.String,java.lang.String)[pri:0, instance:testCases.TC003_LoginDDT@2c95ac9e]" started-at="2024-10-18T21:07:27 IST" name="setup" finished-at="2024-10-18T21:07:29 IST" duration-ms="2558" status="PASS">
          <params>
            <param index="0">
              <value>
                <![CDATA[Windows]]>
              </value>
            </param>
            <param index="1">
              <value>
                <![CDATA[chrome]]>
              </value>
            </param>
          </params>
          <reporter-output>
          </reporter-output>
        </test-method> <!-- setup -->
        <test-method signature="verify_loginDDT(java.lang.String,java.lang.String,java.lang.String)[pri:0, instance:testCases.TC003_LoginDDT@2c95ac9e]" started-at="2024-10-18T21:07:31 IST" name="verify_loginDDT" data-provider="LoginData" finished-at="2024-10-18T21:07:34 IST" duration-ms="2173" status="PASS">
          <params>
            <param index="0">
              <value>
                <![CDATA[akshitamukesh1999@gmail.com]]>
              </value>
            </param>
            <param index="1">
              <value>
                <![CDATA[Akshi@1234]]>
              </value>
            </param>
            <param index="2">
              <value>
                <![CDATA[valid]]>
              </value>
            </param>
          </params>
          <reporter-output>
          </reporter-output>
        </test-method> <!-- verify_loginDDT -->
        <test-method signature="verify_loginDDT(java.lang.String,java.lang.String,java.lang.String)[pri:0, instance:testCases.TC003_LoginDDT@2c95ac9e]" started-at="2024-10-18T21:07:34 IST" name="verify_loginDDT" data-provider="LoginData" finished-at="2024-10-18T21:07:45 IST" duration-ms="11212" status="PASS">
          <params>
            <param index="0">
              <value>
                <![CDATA[akshi@yahoo.com]]>
              </value>
            </param>
            <param index="1">
              <value>
                <![CDATA[Akshi1234]]>
              </value>
            </param>
            <param index="2">
              <value>
                <![CDATA[invalid]]>
              </value>
            </param>
          </params>
          <reporter-output>
          </reporter-output>
        </test-method> <!-- verify_loginDDT -->
        <test-method signature="verify_loginDDT(java.lang.String,java.lang.String,java.lang.String)[pri:0, instance:testCases.TC003_LoginDDT@2c95ac9e]" started-at="2024-10-18T21:07:45 IST" name="verify_loginDDT" data-provider="LoginData" finished-at="2024-10-18T21:07:56 IST" duration-ms="11130" status="PASS">
          <params>
            <param index="0">
              <value>
                <![CDATA[akakakak@yahoo.com]]>
              </value>
            </param>
            <param index="1">
              <value>
                <![CDATA[akshi]]>
              </value>
            </param>
            <param index="2">
              <value>
                <![CDATA[invalid]]>
              </value>
            </param>
          </params>
          <reporter-output>
          </reporter-output>
        </test-method> <!-- verify_loginDDT -->
        <test-method signature="verify_loginDDT(java.lang.String,java.lang.String,java.lang.String)[pri:0, instance:testCases.TC003_LoginDDT@2c95ac9e]" started-at="2024-10-18T21:07:56 IST" name="verify_loginDDT" data-provider="LoginData" finished-at="2024-10-18T21:07:57 IST" duration-ms="1430" status="PASS">
          <params>
            <param index="0">
              <value>
                <![CDATA[akshi@gmail.com]]>
              </value>
            </param>
            <param index="1">
              <value>
                <![CDATA[Akshi@1234]]>
              </value>
            </param>
            <param index="2">
              <value>
                <![CDATA[valid]]>
              </value>
            </param>
          </params>
          <reporter-output>
          </reporter-output>
        </test-method> <!-- verify_loginDDT -->
        <test-method is-config="true" signature="tearDown()[pri:0, instance:testCases.TC003_LoginDDT@2c95ac9e]" started-at="2024-10-18T21:07:57 IST" name="tearDown" finished-at="2024-10-18T21:07:58 IST" duration-ms="347" status="PASS">
          <reporter-output>
          </reporter-output>
        </test-method> <!-- tearDown -->
      </class> <!-- testCases.TC003_LoginDDT -->
      <class name="testCases.TC001_AccountRegistrationTest">
        <test-method is-config="true" signature="setup(java.lang.String,java.lang.String)[pri:0, instance:testCases.TC001_AccountRegistrationTest@307765b4]" started-at="2024-10-18T21:06:53 IST" name="setup" finished-at="2024-10-18T21:07:00 IST" duration-ms="6687" status="PASS">
          <params>
            <param index="0">
              <value>
                <![CDATA[Windows]]>
              </value>
            </param>
            <param index="1">
              <value>
                <![CDATA[chrome]]>
              </value>
            </param>
          </params>
          <reporter-output>
          </reporter-output>
        </test-method> <!-- setup -->
        <test-method signature="verify_account_registration()[pri:0, instance:testCases.TC001_AccountRegistrationTest@307765b4]" started-at="2024-10-18T21:07:00 IST" name="verify_account_registration" finished-at="2024-10-18T21:07:14 IST" duration-ms="14687" status="PASS">
          <reporter-output>
          </reporter-output>
        </test-method> <!-- verify_account_registration -->
        <test-method is-config="true" signature="tearDown()[pri:0, instance:testCases.TC001_AccountRegistrationTest@307765b4]" started-at="2024-10-18T21:07:15 IST" name="tearDown" finished-at="2024-10-18T21:07:15 IST" duration-ms="485" status="PASS">
          <reporter-output>
          </reporter-output>
        </test-method> <!-- tearDown -->
      </class> <!-- testCases.TC001_AccountRegistrationTest -->
    </test> <!-- Test -->
  </suite> <!-- Master Suite -->
</testng-results>
